<?xml version="1.0" encoding="UTF-8"?>
<testsuite name="JUnit Jupiter" tests="7" skipped="0" failures="0" errors="0" time="8" hostname="martapc" timestamp="2025-10-08T10:08:43">
<properties>
[...]
</properties>
<testcase name="findAllReturnsAllUsers" classname="com.sergiofreire.xray.tutorials.springboot.UserRepositoryTest" time="1" started-at="2025-10-08T09:08:40.972996446" finished-at="2025-10-08T09:08:42.024797068">
<system-out><![CDATA[
unique-id: [engine:junit-jupiter]/[class:com.sergiofreire.xray.tutorials.springboot.UserRepositoryTest]/[method:findAllReturnsAllUsers()]
display-name: findAllReturnsAllUsers()
]]></system-out>
<properties>
<property name="_dummy_" value=""/>
</properties>
</testcase>
<testcase name="getUserDetailsReturnsEmptyIfNonExisting" classname="com.sergiofreire.xray.tutorials.springboot.UserServiceUnitTest" time="0" started-at="2025-10-08T09:08:43.093803677" finished-at="2025-10-08T09:08:43.112579701">
<system-out><![CDATA[
unique-id: [engine:junit-jupiter]/[class:com.sergiofreire.xray.tutorials.springboot.UserServiceUnitTest]/[method:getUserDetailsReturnsEmptyIfNonExisting()]
display-name: getUserDetailsReturnsEmptyIfNonExisting()
]]></system-out>
<properties>
<property name="_dummy_" value=""/>
</properties>
</testcase>
<testcase name="getAllUsersReturnsAllExistingUsers" classname="com.sergiofreire.xray.tutorials.springboot.UserServiceUnitTest" time="0" started-at="2025-10-08T09:08:42.075862157" finished-at="2025-10-08T09:08:43.06691238">
<system-out><![CDATA[
unique-id: [engine:junit-jupiter]/[class:com.sergiofreire.xray.tutorials.springboot.UserServiceUnitTest]/[method:getAllUsersReturnsAllExistingUsers()]
display-name: getAllUsersReturnsAllExistingUsers()
]]></system-out>
<properties>
<property name="_dummy_" value=""/>
</properties>
</testcase>
<testcase name="findByIdReturnsUserForValidId" classname="com.sergiofreire.xray.tutorials.springboot.UserRepositoryTest" time="0" started-at="2025-10-08T09:08:42.04833987" finished-at="2025-10-08T09:08:42.060369087">
<system-out><![CDATA[
unique-id: [engine:junit-jupiter]/[class:com.sergiofreire.xray.tutorials.springboot.UserRepositoryTest]/[method:findByIdReturnsUserForValidId()]
display-name: findByIdReturnsUserForValidId()
]]></system-out>
<properties>
<property name="_dummy_" value=""/>
</properties>
</testcase>
<testcase name="deleteUserRemovesIt" classname="com.sergiofreire.xray.tutorials.springboot.UserServiceUnitTest" time="0" started-at="2025-10-08T09:08:43.07014041" finished-at="2025-10-08T09:08:43.089642648">
<system-out><![CDATA[
unique-id: [engine:junit-jupiter]/[class:com.sergiofreire.xray.tutorials.springboot.UserServiceUnitTest]/[method:deleteUserRemovesIt()]
display-name: deleteUserRemovesIt()
]]></system-out>
<properties>
<property name="_dummy_" value=""/>
</properties>
</testcase>
<testcase name="findByIdReturnsNullWhenInvalidId" classname="com.sergiofreire.xray.tutorials.springboot.UserRepositoryTest" time="0" started-at="2025-10-08T09:08:42.026441482" finished-at="2025-10-08T09:08:42.04703129">
<system-out><![CDATA[
unique-id: [engine:junit-jupiter]/[class:com.sergiofreire.xray.tutorials.springboot.UserRepositoryTest]/[method:findByIdReturnsNullWhenInvalidId()]
display-name: findByIdReturnsNullWhenInvalidId()
]]></system-out>
<properties>
<property name="_dummy_" value=""/>
</properties>
</testcase>
<testcase name="getUserDetailsReturnsUserIfExisting" classname="com.sergiofreire.xray.tutorials.springboot.UserServiceUnitTest" time="0" started-at="2025-10-08T09:08:43.114382732" finished-at="2025-10-08T09:08:43.138360039">
<system-out><![CDATA[
unique-id: [engine:junit-jupiter]/[class:com.sergiofreire.xray.tutorials.springboot.UserServiceUnitTest]/[method:getUserDetailsReturnsUserIfExisting()]
display-name: getUserDetailsReturnsUserIfExisting()
]]></system-out>
<properties>
<property name="_dummy_" value=""/>
</properties>
</testcase>
<system-out><![CDATA[
unique-id: [engine:junit-jupiter]
display-name: JUnit Jupiter
]]></system-out>
</testsuite>
